#
# There is insufficient memory for the Java Runtime Environment to continue.
# Native memory allocation (malloc) failed to allocate 1388256 bytes for Chunk::new
# Possible reasons:
#   The system is out of physical RAM or swap space
#   The process is running with CompressedOops enabled, and the Java Heap may be blocking the growth of the native heap
# Possible solutions:
#   Reduce memory load on the system
#   Increase physical memory or swap space
#   Check if swap backing store is full
#   Decrease Java heap size (-Xmx/-Xms)
#   Decrease number of Java threads
#   Decrease Java thread stack sizes (-Xss)
#   Set larger code cache with -XX:ReservedCodeCacheSize=
#   JVM is running with Zero Based Compressed Oops mode in which the Java heap is
#     placed in the first 32GB address space. The Java Heap base address is the
#     maximum limit for the native heap growth. Please use -XX:HeapBaseMinAddress
#     to set the Java Heap base and to place the Java Heap above 32GB virtual address.
# This output file may be truncated or incomplete.
#
#  Out of Memory Error (arena.cpp:189), pid=52192, tid=49396
#
# JRE version: Java(TM) SE Runtime Environment (17.0.12+8) (build 17.0.12+8-LTS-286)
# Java VM: Java HotSpot(TM) 64-Bit Server VM (17.0.12+8-LTS-286, mixed mode, sharing, tiered, compressed oops, compressed class ptrs, g1 gc, windows-amd64)
# No core dump will be written. Minidumps are not enabled by default on client versions of Windows
#

---------------  S U M M A R Y ------------

Command Line: org.jetbrains.kotlin.cli.jvm.K2JVMCompiler @E:\ProjectManagerApp\construction-android\app\build\20251226_8209631749716582662.compiler.options

Host: Intel(R) Core(TM) i9-14900K, 32 cores, 31G,  Windows 10 , 64 bit Build 19041 (10.0.19041.5915)
Time: Fri Dec 26 17:33:31 2025 Central Standard Time elapsed time: 23.458521 seconds (0d 0h 0m 23s)

---------------  T H R E A D  ---------------

Current thread (0x000002a000acb060):  JavaThread "C2 CompilerThread8" daemon [_thread_in_native, id=49396, stack(0x000000f203f00000,0x000000f204000000)]


Current CompileTask:
C2:  23458 24815       4       androidx.compose.compiler.plugins.kotlin.lower.ComposableTargetAnnotationsTransformer::visitCall (720 bytes)

Stack: [0x000000f203f00000,0x000000f204000000]
Native frames: (J=compiled Java code, j=interpreted, Vv=VM code, C=native code)
V  [jvm.dll+0x67a04a]
V  [jvm.dll+0x7da4ed]
V  [jvm.dll+0x7dbe33]
V  [jvm.dll+0x7dc4a3]
V  [jvm.dll+0x24508f]
V  [jvm.dll+0xab773]
V  [jvm.dll+0xabd3c]
V  [jvm.dll+0x2aa52f]
V  [jvm.dll+0x581eb9]
V  [jvm.dll+0x21f422]
V  [jvm.dll+0x21f81f]
V  [jvm.dll+0x218aa0]
V  [jvm.dll+0x215b65]
V  [jvm.dll+0x1a2960]
V  [jvm.dll+0x22610b]
V  [jvm.dll+0x2242ab]
V  [jvm.dll+0x79075c]
V  [jvm.dll+0x78abea]
V  [jvm.dll+0x678f35]
C  [ucrtbase.dll+0x21bb2]
C  [KERNEL32.DLL+0x17374]
C  [ntdll.dll+0x4cc91]


---------------  P R O C E S S  ---------------

Threads class SMR info:
_java_thread_list=0x0000029fcb94b500, length=25, elements={
0x0000029fd5088bb0, 0x0000029ffff8e740, 0x0000029f836e83a0, 0x0000029f83700410,
0x0000029f83701cf0, 0x0000029f837025c0, 0x0000029f837036a0, 0x0000029f83704350,
0x0000029f83705320, 0x0000029f83708260, 0x0000029f837de970, 0x0000029f838b0150,
0x0000029f838b1080, 0x0000029fc90697b0, 0x0000029fc91af360, 0x0000029fc91af880,
0x0000029fcbb4b5e0, 0x0000029fcf4d6860, 0x0000029fcf4d4880, 0x0000029fcf4d4dd0,
0x0000029fcad7b730, 0x0000029fcad79750, 0x000002a000acfac0, 0x000002a000acb060,
0x000002a000ad1000
}

Java Threads: ( => current thread )
  0x0000029fd5088bb0 JavaThread "main" [_thread_in_Java, id=51424, stack(0x000000f201600000,0x000000f201700000)]
  0x0000029ffff8e740 JavaThread "Reference Handler" daemon [_thread_blocked, id=50776, stack(0x000000f201d00000,0x000000f201e00000)]
  0x0000029f836e83a0 JavaThread "Finalizer" daemon [_thread_blocked, id=50772, stack(0x000000f201e00000,0x000000f201f00000)]
  0x0000029f83700410 JavaThread "Signal Dispatcher" daemon [_thread_blocked, id=50836, stack(0x000000f201f00000,0x000000f202000000)]
  0x0000029f83701cf0 JavaThread "Attach Listener" daemon [_thread_blocked, id=50868, stack(0x000000f202000000,0x000000f202100000)]
  0x0000029f837025c0 JavaThread "Service Thread" daemon [_thread_blocked, id=50964, stack(0x000000f202100000,0x000000f202200000)]
  0x0000029f837036a0 JavaThread "Monitor Deflation Thread" daemon [_thread_blocked, id=50972, stack(0x000000f202200000,0x000000f202300000)]
  0x0000029f83704350 JavaThread "C2 CompilerThread0" daemon [_thread_in_native, id=50888, stack(0x000000f202300000,0x000000f202400000)]
  0x0000029f83705320 JavaThread "C1 CompilerThread0" daemon [_thread_in_native, id=51212, stack(0x000000f202400000,0x000000f202500000)]
  0x0000029f83708260 JavaThread "Sweeper thread" daemon [_thread_in_vm, id=50548, stack(0x000000f202500000,0x000000f202600000)]
  0x0000029f837de970 JavaThread "C1 CompilerThread1" daemon [_thread_blocked, id=50528, stack(0x000000f202600000,0x000000f202700000)]
  0x0000029f838b0150 JavaThread "Notification Thread" daemon [_thread_blocked, id=50540, stack(0x000000f202700000,0x000000f202800000)]
  0x0000029f838b1080 JavaThread "Common-Cleaner" daemon [_thread_blocked, id=49720, stack(0x000000f202900000,0x000000f202a00000)]
  0x0000029fc90697b0 JavaThread "C1 CompilerThread2" daemon [_thread_blocked, id=51244, stack(0x000000f202b00000,0x000000f202c00000)]
  0x0000029fc91af360 JavaThread "C1 CompilerThread3" daemon [_thread_blocked, id=51248, stack(0x000000f202c00000,0x000000f202d00000)]
  0x0000029fc91af880 JavaThread "C1 CompilerThread4" daemon [_thread_in_native, id=51256, stack(0x000000f202d00000,0x000000f202e00000)]
  0x0000029fcbb4b5e0 JavaThread "C2 CompilerThread1" daemon [_thread_in_native, id=51016, stack(0x000000f202a00000,0x000000f202b00000)]
  0x0000029fcf4d6860 JavaThread "C2 CompilerThread2" daemon [_thread_in_native, id=51556, stack(0x000000f203900000,0x000000f203a00000)]
  0x0000029fcf4d4880 JavaThread "C2 CompilerThread3" daemon [_thread_in_native, id=51560, stack(0x000000f203a00000,0x000000f203b00000)]
  0x0000029fcf4d4dd0 JavaThread "C2 CompilerThread4" daemon [_thread_in_native, id=51564, stack(0x000000f203b00000,0x000000f203c00000)]
  0x0000029fcad7b730 JavaThread "C2 CompilerThread5" daemon [_thread_in_native, id=51576, stack(0x000000f203c00000,0x000000f203d00000)]
  0x0000029fcad79750 JavaThread "C2 CompilerThread6" daemon [_thread_in_native, id=51572, stack(0x000000f203d00000,0x000000f203e00000)]
  0x000002a000acfac0 JavaThread "C2 CompilerThread7" daemon [_thread_in_native, id=51568, stack(0x000000f203e00000,0x000000f203f00000)]
=>0x000002a000acb060 JavaThread "C2 CompilerThread8" daemon [_thread_in_native, id=49396, stack(0x000000f203f00000,0x000000f204000000)]
  0x000002a000ad1000 JavaThread "C2 CompilerThread9" daemon [_thread_in_native, id=51588, stack(0x000000f204500000,0x000000f204600000)]

Other Threads:
  0x0000029ffff8dd50 VMThread "VM Thread" [stack: 0x000000f201c00000,0x000000f201d00000] [id=50764]
  0x0000029fd5158160 WatcherThread [stack: 0x000000f202800000,0x000000f202900000] [id=50944]
  0x0000029fd5138e40 GCTaskThread "GC Thread#0" [stack: 0x000000f201700000,0x000000f201800000] [id=51444]
  0x0000029fc9397780 GCTaskThread "GC Thread#1" [stack: 0x000000f202e00000,0x000000f202f00000] [id=51252]
  0x0000029fc9397a40 GCTaskThread "GC Thread#2" [stack: 0x000000f202f00000,0x000000f203000000] [id=51260]
  0x0000029fc93a8630 GCTaskThread "GC Thread#3" [stack: 0x000000f203000000,0x000000f203100000] [id=51264]
  0x0000029fc93a9110 GCTaskThread "GC Thread#4" [stack: 0x000000f203100000,0x000000f203200000] [id=51348]
  0x0000029fc93a93d0 GCTaskThread "GC Thread#5" [stack: 0x000000f203200000,0x000000f203300000] [id=51360]
  0x0000029fc93d2040 GCTaskThread "GC Thread#6" [stack: 0x000000f203300000,0x000000f203400000] [id=51356]
  0x0000029fc93d6710 GCTaskThread "GC Thread#7" [stack: 0x000000f203400000,0x000000f203500000] [id=51368]
  0x0000029fc93d69d0 GCTaskThread "GC Thread#8" [stack: 0x000000f203500000,0x000000f203600000] [id=50876]
  0x0000029fc93d6c90 GCTaskThread "GC Thread#9" [stack: 0x000000f203600000,0x000000f203700000] [id=51464]
  0x0000029fc93d6f50 GCTaskThread "GC Thread#10" [stack: 0x000000f203700000,0x000000f203800000] [id=50932]
  0x0000029fc93d7210 GCTaskThread "GC Thread#11" [stack: 0x000000f203800000,0x000000f203900000] [id=51460]
  0x0000029fcaff4eb0 GCTaskThread "GC Thread#12" [stack: 0x000000f204600000,0x000000f204700000] [id=50552]
  0x0000029fcaff3330 GCTaskThread "GC Thread#13" [stack: 0x000000f204700000,0x000000f204800000] [id=50516]
  0x0000029fcaff59b0 GCTaskThread "GC Thread#14" [stack: 0x000000f204800000,0x000000f204900000] [id=48336]
  0x0000029fcaff3e30 GCTaskThread "GC Thread#15" [stack: 0x000000f204900000,0x000000f204a00000] [id=49304]
  0x0000029fcaff61f0 GCTaskThread "GC Thread#16" [stack: 0x000000f204a00000,0x000000f204b00000] [id=50864]
  0x0000029fcaff4670 GCTaskThread "GC Thread#17" [stack: 0x000000f204b00000,0x000000f204c00000] [id=50788]
  0x0000029fcaff64b0 GCTaskThread "GC Thread#18" [stack: 0x000000f204c00000,0x000000f204d00000] [id=50600]
  0x0000029fcaff5170 GCTaskThread "GC Thread#19" [stack: 0x000000f204d00000,0x000000f204e00000] [id=50816]
  0x0000029fcd11ab20 GCTaskThread "GC Thread#20" [stack: 0x000000f204e00000,0x000000f204f00000] [id=50468]
  0x0000029fcd1181e0 GCTaskThread "GC Thread#21" [stack: 0x000000f204f00000,0x000000f205000000] [id=50924]
  0x0000029fcfb4c140 GCTaskThread "GC Thread#22" [stack: 0x000000f205300000,0x000000f205400000] [id=50544]
  0x0000029fd50a6e90 ConcurrentGCThread "G1 Main Marker" [stack: 0x000000f201800000,0x000000f201900000] [id=51436]
  0x0000029fd514b760 ConcurrentGCThread "G1 Conc#0" [stack: 0x000000f201900000,0x000000f201a00000] [id=51440]
  0x0000029fc9a3db60 ConcurrentGCThread "G1 Conc#1" [stack: 0x000000f204000000,0x000000f204100000] [id=50844]
  0x0000029fc9a3d5e0 ConcurrentGCThread "G1 Conc#2" [stack: 0x000000f204100000,0x000000f204200000] [id=50880]
  0x0000029fc9a3bfe0 ConcurrentGCThread "G1 Conc#3" [stack: 0x000000f204200000,0x000000f204300000] [id=50896]
  0x0000029fc9a3cda0 ConcurrentGCThread "G1 Conc#4" [stack: 0x000000f204300000,0x000000f204400000] [id=50900]
  0x0000029fc9a3c2a0 ConcurrentGCThread "G1 Conc#5" [stack: 0x000000f204400000,0x000000f204500000] [id=50436]
  0x0000029fffec4d90 ConcurrentGCThread "G1 Refine#0" [stack: 0x000000f201a00000,0x000000f201b00000] [id=50948]
  0x000002a00016fc00 ConcurrentGCThread "G1 Refine#1" [stack: 0x000000f205000000,0x000000f205100000] [id=50976]
  0x000002a0001701e0 ConcurrentGCThread "G1 Refine#2" [stack: 0x000000f205100000,0x000000f205200000] [id=51008]
  0x000002a000171960 ConcurrentGCThread "G1 Refine#3" [stack: 0x000000f205200000,0x000000f205300000] [id=50520]
  0x0000029fc9c08530 ConcurrentGCThread "G1 Refine#4" [stack: 0x000000f205400000,0x000000f205500000] [id=50912]
  0x0000029fffec55d0 ConcurrentGCThread "G1 Service" [stack: 0x000000f201b00000,0x000000f201c00000] [id=50796]

Threads with active compile tasks:
C2 CompilerThread0    23469 24812       4       androidx.compose.compiler.plugins.kotlin.lower.ComposableTargetAnnotationsTransformer::isComposableParameter (50 bytes)
C1 CompilerThread2    23469 25053       2       androidx.compose.compiler.plugins.kotlin.lower.ComposableFunctionBodyTransformer::getTraceEventEndFunction (28 bytes)
C1 CompilerThread4    23469 25043       2       androidx.compose.compiler.plugins.kotlin.lower.ComposableFunctionBodyTransformer::buildPreambleStatementsAndReturnIfSkippingPossible (1844 bytes)
C2 CompilerThread1    23469 24717       4       androidx.compose.compiler.plugins.kotlin.inference.ApplierInferencer::toLazyScheme (130 bytes)
C2 CompilerThread2    23470 24855       4       androidx.compose.compiler.plugins.kotlin.lower.ComposeInlineLambdaLocator$scan$1::visitCall (13 bytes)
C2 CompilerThread3    23470 24854       4       androidx.compose.compiler.plugins.kotlin.lower.ComposeInlineLambdaLocator$scan$1::visitFunctionAccess (179 bytes)
C2 CompilerThread4    23470 24715       4       androidx.compose.compiler.plugins.kotlin.lower.ComposableTargetAnnotationsTransformer::isOrHasComposableLambda$compiler_hosted (167 bytes)
C2 CompilerThread5    23470 24306       4       androidx.compose.compiler.plugins.kotlin.lower.DeepCopyIrTreeWithRemappedComposableTypes::visitCall (1299 bytes)
C2 CompilerThread6    23470 24753       4       androidx.compose.compiler.plugins.kotlin.inference.ApplierInferencer::unify (341 bytes)
C2 CompilerThread7    23470 24294       4       org.jetbrains.kotlin.ir.expressions.impl.IrCompositeImpl::<init> (38 bytes)
C2 CompilerThread8    23470 24815       4       androidx.compose.compiler.plugins.kotlin.lower.ComposableTargetAnnotationsTransformer::visitCall (720 bytes)
C2 CompilerThread9    23470 24806       4       androidx.compose.compiler.plugins.kotlin.lower.ComposableTargetAnnotationsTransformer::isComposableLambda (118 bytes)

VM state: not at safepoint (normal execution)

VM Mutex/Monitor currently owned by a thread:  ([mutex/lock_event])
[0x0000029fd5084750] CompiledIC_lock - owner thread: 0x0000029f83708260

Heap address: 0x0000000604000000, size: 8128 MB, Compressed Oops mode: Zero based, Oop shift amount: 3

CDS archive(s) mapped at: [0x0000029f84000000-0x0000029f84bd0000-0x0000029f84bd0000), size 12386304, SharedBaseAddress: 0x0000029f84000000, ArchiveRelocationMode: 1.
Compressed class space mapped at: 0x0000029f85000000-0x0000029fc5000000, reserved size: 1073741824
Narrow klass base: 0x0000029f84000000, Narrow klass shift: 0, Narrow klass range: 0x100000000

GC Precious Log:
 CPUs: 32 total, 32 available
 Memory: 32508M
 Large Page Support: Disabled
 NUMA Support: Disabled
 Compressed Oops: Enabled (Zero based)
 Heap Region Size: 4M
 Heap Min Capacity: 8M
 Heap Initial Capacity: 508M
 Heap Max Capacity: 8128M
 Pre-touch: Disabled
 Parallel Workers: 23
 Concurrent Workers: 6
 Concurrent Refinement Workers: 23
 Periodic GC: Disabled

Heap:
 garbage-first heap   total 581632K, used 373396K [0x0000000604000000, 0x0000000800000000)
  region size 4096K, 8 young (32768K), 1 survivors (4096K)
 Metaspace       used 72026K, committed 72384K, reserved 1114112K
  class space    used 7511K, committed 7680K, reserved 1048576K

Heap Regions: E=young(eden), S=young(survivor), O=old, HS=humongous(starts), HC=humongous(continues), CS=collection set, F=free, OA=open archive, CA=closed archive, TAMS=top-at-mark-start (previous, next)
|   0|0x0000000604000000, 0x0000000604400000, 0x0000000604400000|100%|HS|  |TAMS 0x0000000604400000, 0x0000000604000000| Complete 
|   1|0x0000000604400000, 0x0000000604800000, 0x0000000604800000|100%| O|  |TAMS 0x0000000604800000, 0x0000000604400000| Untracked 
|   2|0x0000000604800000, 0x0000000604c00000, 0x0000000604c00000|100%| O|  |TAMS 0x0000000604c00000, 0x0000000604800000| Untracked 
|   3|0x0000000604c00000, 0x0000000605000000, 0x0000000605000000|100%| O|  |TAMS 0x0000000605000000, 0x0000000604c00000| Untracked 
|   4|0x0000000605000000, 0x0000000605400000, 0x0000000605400000|100%| O|  |TAMS 0x0000000605400000, 0x0000000605000000| Untracked 
|   5|0x0000000605400000, 0x0000000605800000, 0x0000000605800000|100%| O|  |TAMS 0x0000000605400000, 0x0000000605400000| Untracked 
|   6|0x0000000605800000, 0x0000000605c00000, 0x0000000605c00000|100%| O|  |TAMS 0x0000000605c00000, 0x0000000605800000| Untracked 
|   7|0x0000000605c00000, 0x0000000606000000, 0x0000000606000000|100%| O|  |TAMS 0x0000000606000000, 0x0000000605c00000| Untracked 
|   8|0x0000000606000000, 0x0000000606400000, 0x0000000606400000|100%| O|  |TAMS 0x0000000606400000, 0x0000000606000000| Untracked 
|   9|0x0000000606400000, 0x0000000606800000, 0x0000000606800000|100%| O|  |TAMS 0x0000000606800000, 0x0000000606400000| Untracked 
|  10|0x0000000606800000, 0x0000000606c00000, 0x0000000606c00000|100%| O|  |TAMS 0x0000000606c00000, 0x0000000606800000| Untracked 
|  11|0x0000000606c00000, 0x0000000606fb8400, 0x0000000607000000| 92%| O|  |TAMS 0x0000000606fb8400, 0x0000000606c00000| Untracked 
|  12|0x0000000607000000, 0x0000000607400000, 0x0000000607400000|100%| O|  |TAMS 0x0000000607000000, 0x0000000607000000| Untracked 
|  13|0x0000000607400000, 0x0000000607800000, 0x0000000607800000|100%| O|  |TAMS 0x0000000607800000, 0x0000000607400000| Untracked 
|  14|0x0000000607800000, 0x0000000607c00000, 0x0000000607c00000|100%| O|  |TAMS 0x0000000607c00000, 0x0000000607800000| Untracked 
|  15|0x0000000607c00000, 0x0000000608000000, 0x0000000608000000|100%| O|  |TAMS 0x0000000608000000, 0x0000000607c00000| Untracked 
|  16|0x0000000608000000, 0x0000000608400000, 0x0000000608400000|100%| O|  |TAMS 0x0000000608400000, 0x0000000608000000| Untracked 
|  17|0x0000000608400000, 0x0000000608800000, 0x0000000608800000|100%| O|  |TAMS 0x0000000608800000, 0x0000000608400000| Untracked 
|  18|0x0000000608800000, 0x0000000608c00000, 0x0000000608c00000|100%| O|  |TAMS 0x0000000608c00000, 0x0000000608800000| Untracked 
|  19|0x0000000608c00000, 0x0000000609000000, 0x0000000609000000|100%| O|  |TAMS 0x0000000609000000, 0x0000000608c00000| Untracked 
|  20|0x0000000609000000, 0x0000000609400000, 0x0000000609400000|100%| O|  |TAMS 0x0000000609400000, 0x0000000609000000| Untracked 
|  21|0x0000000609400000, 0x0000000609800000, 0x0000000609800000|100%| O|  |TAMS 0x0000000609800000, 0x0000000609400000| Untracked 
|  22|0x0000000609800000, 0x0000000609c00000, 0x0000000609c00000|100%| O|  |TAMS 0x0000000609c00000, 0x0000000609800000| Untracked 
|  23|0x0000000609c00000, 0x000000060a000000, 0x000000060a000000|100%| O|  |TAMS 0x000000060a000000, 0x0000000609c00000| Untracked 
|  24|0x000000060a000000, 0x000000060a400000, 0x000000060a400000|100%| O|  |TAMS 0x000000060a400000, 0x000000060a000000| Untracked 
|  25|0x000000060a400000, 0x000000060a800000, 0x000000060a800000|100%| O|  |TAMS 0x000000060a800000, 0x000000060a400000| Untracked 
|  26|0x000000060a800000, 0x000000060ac00000, 0x000000060ac00000|100%| O|  |TAMS 0x000000060ac00000, 0x000000060a800000| Untracked 
|  27|0x000000060ac00000, 0x000000060b000000, 0x000000060b000000|100%| O|  |TAMS 0x000000060b000000, 0x000000060ac00000| Untracked 
|  28|0x000000060b000000, 0x000000060b400000, 0x000000060b400000|100%| O|  |TAMS 0x000000060b400000, 0x000000060b000000| Untracked 
|  29|0x000000060b400000, 0x000000060b800000, 0x000000060b800000|100%| O|  |TAMS 0x000000060b800000, 0x000000060b400000| Untracked 
|  30|0x000000060b800000, 0x000000060bc00000, 0x000000060bc00000|100%| O|  |TAMS 0x000000060bc00000, 0x000000060b800000| Untracked 
|  31|0x000000060bc00000, 0x000000060c000000, 0x000000060c000000|100%| O|  |TAMS 0x000000060c000000, 0x000000060bc00000| Untracked 
|  32|0x000000060c000000, 0x000000060c400000, 0x000000060c400000|100%| O|  |TAMS 0x000000060c400000, 0x000000060c000000| Untracked 
|  33|0x000000060c400000, 0x000000060c800000, 0x000000060c800000|100%| O|  |TAMS 0x000000060c800000, 0x000000060c400000| Untracked 
|  34|0x000000060c800000, 0x000000060cc00000, 0x000000060cc00000|100%| O|  |TAMS 0x000000060cc00000, 0x000000060c800000| Untracked 
|  35|0x000000060cc00000, 0x000000060d000000, 0x000000060d000000|100%| O|  |TAMS 0x000000060d000000, 0x000000060cc00000| Untracked 
|  36|0x000000060d000000, 0x000000060d400000, 0x000000060d400000|100%|HS|  |TAMS 0x000000060d400000, 0x000000060d000000| Complete 
|  37|0x000000060d400000, 0x000000060d800000, 0x000000060d800000|100%|HC|  |TAMS 0x000000060d800000, 0x000000060d400000| Complete 
|  38|0x000000060d800000, 0x000000060dc00000, 0x000000060dc00000|100%|HC|  |TAMS 0x000000060dc00000, 0x000000060d800000| Complete 
|  39|0x000000060dc00000, 0x000000060e000000, 0x000000060e000000|100%| O|  |TAMS 0x000000060e000000, 0x000000060dc00000| Untracked 
|  40|0x000000060e000000, 0x000000060e400000, 0x000000060e400000|100%| O|  |TAMS 0x000000060e400000, 0x000000060e000000| Untracked 
|  41|0x000000060e400000, 0x000000060e800000, 0x000000060e800000|100%| O|  |TAMS 0x000000060e800000, 0x000000060e400000| Untracked 
|  42|0x000000060e800000, 0x000000060ec00000, 0x000000060ec00000|100%| O|  |TAMS 0x000000060ec00000, 0x000000060e800000| Untracked 
|  43|0x000000060ec00000, 0x000000060f000000, 0x000000060f000000|100%| O|  |TAMS 0x000000060ee57600, 0x000000060ec00000| Untracked 
|  44|0x000000060f000000, 0x000000060f400000, 0x000000060f400000|100%| O|  |TAMS 0x000000060f000000, 0x000000060f000000| Untracked 
|  45|0x000000060f400000, 0x000000060f800000, 0x000000060f800000|100%| O|  |TAMS 0x000000060f400000, 0x000000060f400000| Untracked 
|  46|0x000000060f800000, 0x000000060fc00000, 0x000000060fc00000|100%| O|  |TAMS 0x000000060f800000, 0x000000060f800000| Untracked 
|  47|0x000000060fc00000, 0x0000000610000000, 0x0000000610000000|100%| O|  |TAMS 0x000000060fc00000, 0x000000060fc00000| Untracked 
|  48|0x0000000610000000, 0x0000000610400000, 0x0000000610400000|100%| O|  |TAMS 0x0000000610000000, 0x0000000610000000| Untracked 
|  49|0x0000000610400000, 0x0000000610800000, 0x0000000610800000|100%| O|  |TAMS 0x0000000610400000, 0x0000000610400000| Untracked 
|  50|0x0000000610800000, 0x0000000610c00000, 0x0000000610c00000|100%| O|  |TAMS 0x0000000610800000, 0x0000000610800000| Untracked 
|  51|0x0000000610c00000, 0x0000000611000000, 0x0000000611000000|100%| O|  |TAMS 0x0000000610c00000, 0x0000000610c00000| Untracked 
|  52|0x0000000611000000, 0x0000000611400000, 0x0000000611400000|100%| O|  |TAMS 0x0000000611000000, 0x0000000611000000| Untracked 
|  53|0x0000000611400000, 0x0000000611800000, 0x0000000611800000|100%| O|  |TAMS 0x0000000611400000, 0x0000000611400000| Untracked 
|  54|0x0000000611800000, 0x0000000611c00000, 0x0000000611c00000|100%| O|  |TAMS 0x0000000611800000, 0x0000000611800000| Untracked 
|  55|0x0000000611c00000, 0x0000000612000000, 0x0000000612000000|100%| O|  |TAMS 0x0000000611c00000, 0x0000000611c00000| Untracked 
|  56|0x0000000612000000, 0x0000000612400000, 0x0000000612400000|100%| O|  |TAMS 0x0000000612000000, 0x0000000612000000| Untracked 
|  57|0x0000000612400000, 0x0000000612800000, 0x0000000612800000|100%| O|  |TAMS 0x0000000612400000, 0x0000000612400000| Untracked 
|  58|0x0000000612800000, 0x0000000612c00000, 0x0000000612c00000|100%| O|  |TAMS 0x0000000612800000, 0x0000000612800000| Untracked 
|  59|0x0000000612c00000, 0x0000000613000000, 0x0000000613000000|100%| O|  |TAMS 0x0000000612c00000, 0x0000000612c00000| Untracked 
|  60|0x0000000613000000, 0x0000000613400000, 0x0000000613400000|100%| O|  |TAMS 0x0000000613000000, 0x0000000613000000| Untracked 
|  61|0x0000000613400000, 0x0000000613800000, 0x0000000613800000|100%| O|  |TAMS 0x0000000613400000, 0x0000000613400000| Untracked 
|  62|0x0000000613800000, 0x0000000613c00000, 0x0000000613c00000|100%| O|  |TAMS 0x0000000613800000, 0x0000000613800000| Untracked 
|  63|0x0000000613c00000, 0x0000000614000000, 0x0000000614000000|100%| O|  |TAMS 0x0000000613c00000, 0x0000000613c00000| Untracked 
|  64|0x0000000614000000, 0x0000000614400000, 0x0000000614400000|100%| O|  |TAMS 0x0000000614000000, 0x0000000614000000| Untracked 
|  65|0x0000000614400000, 0x0000000614800000, 0x0000000614800000|100%| O|  |TAMS 0x0000000614400000, 0x0000000614400000| Untracked 
|  66|0x0000000614800000, 0x0000000614c00000, 0x0000000614c00000|100%| O|  |TAMS 0x0000000614800000, 0x0000000614800000| Untracked 
|  67|0x0000000614c00000, 0x0000000615000000, 0x0000000615000000|100%| O|  |TAMS 0x0000000614c00000, 0x0000000614c00000| Untracked 
|  68|0x0000000615000000, 0x0000000615400000, 0x0000000615400000|100%| O|  |TAMS 0x0000000615000000, 0x0000000615000000| Untracked 
|  69|0x0000000615400000, 0x0000000615800000, 0x0000000615800000|100%| O|  |TAMS 0x0000000615400000, 0x0000000615400000| Untracked 
|  70|0x0000000615800000, 0x0000000615c00000, 0x0000000615c00000|100%| O|  |TAMS 0x0000000615800000, 0x0000000615800000| Untracked 
|  71|0x0000000615c00000, 0x0000000616000000, 0x0000000616000000|100%| O|  |TAMS 0x0000000615c00000, 0x0000000615c00000| Untracked 
|  72|0x0000000616000000, 0x0000000616400000, 0x0000000616400000|100%| O|  |TAMS 0x0000000616000000, 0x0000000616000000| Untracked 
|  73|0x0000000616400000, 0x0000000616800000, 0x0000000616800000|100%| O|  |TAMS 0x0000000616400000, 0x0000000616400000| Untracked 
|  74|0x0000000616800000, 0x0000000616c00000, 0x0000000616c00000|100%| O|  |TAMS 0x0000000616800000, 0x0000000616800000| Untracked 
|  75|0x0000000616c00000, 0x0000000617000000, 0x0000000617000000|100%| O|  |TAMS 0x0000000616c00000, 0x0000000616c00000| Untracked 
|  76|0x0000000617000000, 0x0000000617400000, 0x0000000617400000|100%| O|  |TAMS 0x0000000617000000, 0x0000000617000000| Untracked 
|  77|0x0000000617400000, 0x0000000617800000, 0x0000000617800000|100%| O|  |TAMS 0x0000000617400000, 0x0000000617400000| Untracked 
|  78|0x0000000617800000, 0x0000000617c00000, 0x0000000617c00000|100%| O|  |TAMS 0x0000000617800000, 0x0000000617800000| Untracked 
|  79|0x0000000617c00000, 0x0000000618000000, 0x0000000618000000|100%| O|  |TAMS 0x0000000617c00000, 0x0000000617c00000| Untracked 
|  80|0x0000000618000000, 0x0000000618400000, 0x0000000618400000|100%| O|  |TAMS 0x0000000618000000, 0x0000000618000000| Untracked 
|  81|0x0000000618400000, 0x0000000618800000, 0x0000000618800000|100%| O|  |TAMS 0x0000000618400000, 0x0000000618400000| Untracked 
|  82|0x0000000618800000, 0x0000000618c00000, 0x0000000618c00000|100%| O|  |TAMS 0x0000000618800000, 0x0000000618800000| Untracked 
|  83|0x0000000618c00000, 0x0000000619000000, 0x0000000619000000|100%| O|  |TAMS 0x0000000618c00000, 0x0000000618c00000| Untracked 
|  84|0x0000000619000000, 0x000000061923d200, 0x0000000619400000| 55%| O|  |TAMS 0x0000000619000000, 0x0000000619000000| Untracked 
|  85|0x0000000619400000, 0x0000000619400000, 0x0000000619800000|  0%| F|  |TAMS 0x0000000619400000, 0x0000000619400000| Untracked 
|  86|0x0000000619800000, 0x0000000619800000, 0x0000000619c00000|  0%| F|  |TAMS 0x0000000619800000, 0x0000000619800000| Untracked 
|  87|0x0000000619c00000, 0x0000000619c00000, 0x000000061a000000|  0%| F|  |TAMS 0x0000000619c00000, 0x0000000619c00000| Untracked 
|  88|0x000000061a000000, 0x000000061a000000, 0x000000061a400000|  0%| F|  |TAMS 0x000000061a000000, 0x000000061a000000| Untracked 
|  89|0x000000061a400000, 0x000000061a400000, 0x000000061a800000|  0%| F|  |TAMS 0x000000061a400000, 0x000000061a400000| Untracked 
|  90|0x000000061a800000, 0x000000061a800000, 0x000000061ac00000|  0%| F|  |TAMS 0x000000061a800000, 0x000000061a800000| Untracked 
|  91|0x000000061ac00000, 0x000000061ac00000, 0x000000061b000000|  0%| F|  |TAMS 0x000000061ac00000, 0x000000061ac00000| Untracked 
|  92|0x000000061b000000, 0x000000061b000000, 0x000000061b400000|  0%| F|  |TAMS 0x000000061b000000, 0x000000061b000000| Untracked 
|  93|0x000000061b400000, 0x000000061b400000, 0x000000061b800000|  0%| F|  |TAMS 0x000000061b400000, 0x000000061b400000| Untracked 
|  94|0x000000061b800000, 0x000000061b800000, 0x000000061bc00000|  0%| F|  |TAMS 0x000000061b800000, 0x000000061b800000| Untracked 
|  95|0x000000061bc00000, 0x000000061bc00000, 0x000000061c000000|  0%| F|  |TAMS 0x000000061bc00000, 0x000000061bc00000| Untracked 
|  96|0x000000061c000000, 0x000000061c000000, 0x000000061c400000|  0%| F|  |TAMS 0x000000061c000000, 0x000000061c000000| Untracked 
|  97|0x000000061c400000, 0x000000061c400000, 0x000000061c800000|  0%| F|  |TAMS 0x000000061c400000, 0x000000061c400000| Untracked 
|  98|0x000000061c800000, 0x000000061c800000, 0x000000061cc00000|  0%| F|  |TAMS 0x000000061c800000, 0x000000061c800000| Untracked 
|  99|0x000000061cc00000, 0x000000061cc00000, 0x000000061d000000|  0%| F|  |TAMS 0x000000061cc00000, 0x000000061cc00000| Untracked 
| 100|0x000000061d000000, 0x000000061d2afd50, 0x000000061d400000| 67%| S|CS|TAMS 0x000000061d000000, 0x000000061d000000| Complete 
| 101|0x000000061d400000, 0x000000061d400000, 0x000000061d800000|  0%| F|  |TAMS 0x000000061d400000, 0x000000061d400000| Untracked 
| 102|0x000000061d800000, 0x000000061d800000, 0x000000061dc00000|  0%| F|  |TAMS 0x000000061d800000, 0x000000061d800000| Untracked 
| 103|0x000000061dc00000, 0x000000061dc00000, 0x000000061e000000|  0%| F|  |TAMS 0x000000061dc00000, 0x000000061dc00000| Untracked 
| 104|0x000000061e000000, 0x000000061e000000, 0x000000061e400000|  0%| F|  |TAMS 0x000000061e000000, 0x000000061e000000| Untracked 
| 105|0x000000061e400000, 0x000000061e400000, 0x000000061e800000|  0%| F|  |TAMS 0x000000061e400000, 0x000000061e400000| Untracked 
| 106|0x000000061e800000, 0x000000061e800000, 0x000000061ec00000|  0%| F|  |TAMS 0x000000061e800000, 0x000000061e800000| Untracked 
| 107|0x000000061ec00000, 0x000000061ec00000, 0x000000061f000000|  0%| F|  |TAMS 0x000000061ec00000, 0x000000061ec00000| Untracked 
| 108|0x000000061f000000, 0x000000061f000000, 0x000000061f400000|  0%| F|  |TAMS 0x000000061f000000, 0x000000061f000000| Untracked 
| 109|0x000000061f400000, 0x000000061f400000, 0x000000061f800000|  0%| F|  |TAMS 0x000000061f400000, 0x000000061f400000| Untracked 
| 110|0x000000061f800000, 0x000000061f800000, 0x000000061fc00000|  0%| F|  |TAMS 0x000000061f800000, 0x000000061f800000| Untracked 
| 111|0x000000061fc00000, 0x000000061fc00000, 0x0000000620000000|  0%| F|  |TAMS 0x000000061fc00000, 0x000000061fc00000| Untracked 
| 112|0x0000000620000000, 0x0000000620000000, 0x0000000620400000|  0%| F|  |TAMS 0x0000000620000000, 0x0000000620000000| Untracked 
| 113|0x0000000620400000, 0x0000000620400000, 0x0000000620800000|  0%| F|  |TAMS 0x0000000620400000, 0x0000000620400000| Untracked 
| 114|0x0000000620800000, 0x0000000620800000, 0x0000000620c00000|  0%| F|  |TAMS 0x0000000620800000, 0x0000000620800000| Untracked 
| 115|0x0000000620c00000, 0x0000000620c00000, 0x0000000621000000|  0%| F|  |TAMS 0x0000000620c00000, 0x0000000620c00000| Untracked 
| 116|0x0000000621000000, 0x0000000621000000, 0x0000000621400000|  0%| F|  |TAMS 0x0000000621000000, 0x0000000621000000| Untracked 
| 117|0x0000000621400000, 0x0000000621400000, 0x0000000621800000|  0%| F|  |TAMS 0x0000000621400000, 0x0000000621400000| Untracked 
| 118|0x0000000621800000, 0x0000000621800000, 0x0000000621c00000|  0%| F|  |TAMS 0x0000000621800000, 0x0000000621800000| Untracked 
| 119|0x0000000621c00000, 0x0000000621c00000, 0x0000000622000000|  0%| F|  |TAMS 0x0000000621c00000, 0x0000000621c00000| Untracked 
| 120|0x0000000622000000, 0x0000000622000000, 0x0000000622400000|  0%| F|  |TAMS 0x0000000622000000, 0x0000000622000000| Untracked 
| 121|0x0000000622400000, 0x0000000622400000, 0x0000000622800000|  0%| F|  |TAMS 0x0000000622400000, 0x0000000622400000| Untracked 
| 122|0x0000000622800000, 0x0000000622800000, 0x0000000622c00000|  0%| F|  |TAMS 0x0000000622800000, 0x0000000622800000| Untracked 
| 123|0x0000000622c00000, 0x0000000622c00000, 0x0000000623000000|  0%| F|  |TAMS 0x0000000622c00000, 0x0000000622c00000| Untracked 
| 124|0x0000000623000000, 0x0000000623000000, 0x0000000623400000|  0%| F|  |TAMS 0x0000000623000000, 0x0000000623000000| Untracked 
| 125|0x0000000623400000, 0x0000000623400000, 0x0000000623800000|  0%| F|  |TAMS 0x0000000623400000, 0x0000000623400000| Untracked 
| 126|0x0000000623800000, 0x0000000623800000, 0x0000000623c00000|  0%| F|  |TAMS 0x0000000623800000, 0x0000000623800000| Untracked 
| 127|0x0000000623c00000, 0x0000000623c00000, 0x0000000624000000|  0%| F|  |TAMS 0x0000000623c00000, 0x0000000623c00000| Untracked 
| 128|0x0000000624000000, 0x0000000624000000, 0x0000000624400000|  0%| F|  |TAMS 0x0000000624000000, 0x0000000624000000| Untracked 
| 129|0x0000000624400000, 0x0000000624400000, 0x0000000624800000|  0%| F|  |TAMS 0x0000000624400000, 0x0000000624400000| Untracked 
| 130|0x0000000624800000, 0x0000000624800000, 0x0000000624c00000|  0%| F|  |TAMS 0x0000000624800000, 0x0000000624800000| Untracked 
| 131|0x0000000624c00000, 0x0000000624c00000, 0x0000000625000000|  0%| F|  |TAMS 0x0000000624c00000, 0x0000000624c00000| Untracked 
| 132|0x0000000625000000, 0x0000000625000000, 0x0000000625400000|  0%| F|  |TAMS 0x0000000625000000, 0x0000000625000000| Untracked 
| 133|0x0000000625400000, 0x0000000625400000, 0x0000000625800000|  0%| F|  |TAMS 0x0000000625400000, 0x0000000625400000| Untracked 
| 134|0x0000000625800000, 0x0000000625800000, 0x0000000625c00000|  0%| F|  |TAMS 0x0000000625800000, 0x0000000625800000| Untracked 
| 135|0x0000000625c00000, 0x0000000625deaf40, 0x0000000626000000| 47%| E|  |TAMS 0x0000000625c00000, 0x0000000625c00000| Complete 
| 136|0x0000000626000000, 0x0000000626400000, 0x0000000626400000|100%| E|CS|TAMS 0x0000000626000000, 0x0000000626000000| Complete 
| 137|0x0000000626400000, 0x0000000626800000, 0x0000000626800000|100%| E|CS|TAMS 0x0000000626400000, 0x0000000626400000| Complete 
| 138|0x0000000626800000, 0x0000000626c00000, 0x0000000626c00000|100%| E|CS|TAMS 0x0000000626800000, 0x0000000626800000| Complete 
| 139|0x0000000626c00000, 0x0000000627000000, 0x0000000627000000|100%| E|CS|TAMS 0x0000000626c00000, 0x0000000626c00000| Complete 
| 140|0x0000000627000000, 0x0000000627400000, 0x0000000627400000|100%| E|CS|TAMS 0x0000000627000000, 0x0000000627000000| Complete 
| 141|0x0000000627400000, 0x0000000627800000, 0x0000000627800000|100%| E|CS|TAMS 0x0000000627400000, 0x0000000627400000| Complete 

Card table byte_map: [0x0000029fedc60000,0x0000029feec40000] _byte_map_base: 0x0000029feac40000

Marking Bits (Prev, Next): (CMBitMap*) 0x0000029fd513a2c0, (CMBitMap*) 0x0000029fd513a280
 Prev Bits: [0x0000029ff7b20000, 0x0000029fffa20000)
 Next Bits: [0x0000029fefc20000, 0x0000029ff7b20000)

Polling page: 0x0000029fd4860000

Metaspace:

Usage:
  Non-class:     63.00 MB used.
      Class:      7.34 MB used.
       Both:     70.34 MB used.

Virtual space:
  Non-class space:       64.00 MB reserved,      63.19 MB ( 99%) committed,  1 nodes.
      Class space:        1.00 GB reserved,       7.50 MB ( <1%) committed,  1 nodes.
             Both:        1.06 GB reserved,      70.69 MB (  6%) committed. 

Chunk freelists:
   Non-Class:  0 bytes
       Class:  8.50 MB
        Both:  8.50 MB

MaxMetaspaceSize: unlimited
CompressedClassSpaceSize: 1.00 GB
Initial GC threshold: 21.00 MB
Current GC threshold: 95.88 MB
CDS: on
MetaspaceReclaimPolicy: balanced
 - commit_granule_bytes: 65536.
 - commit_granule_words: 8192.
 - virtual_space_node_default_size: 8388608.
 - enlarge_chunks_in_place: 1.
 - new_chunks_are_fully_committed: 0.
 - uncommit_free_chunks: 1.
 - use_allocation_guard: 0.
 - handle_deallocations: 1.


Internal statistics:

num_allocs_failed_limit: 6.
num_arena_births: 464.
num_arena_deaths: 0.
num_vsnodes_births: 2.
num_vsnodes_deaths: 0.
num_space_committed: 1129.
num_space_uncommitted: 0.
num_chunks_returned_to_freelist: 6.
num_chunks_taken_from_freelist: 3267.
num_chunk_merges: 6.
num_chunk_splits: 2463.
num_chunks_enlarged: 2039.
num_inconsistent_stats: 0.

CodeHeap 'non-profiled nmethods': size=118848Kb used=21331Kb max_used=21769Kb free=97516Kb
 bounds [0x0000029fe4540000, 0x0000029fe5aa0000, 0x0000029feb950000]
CodeHeap 'profiled nmethods': size=118848Kb used=48804Kb max_used=49568Kb free=70043Kb
 bounds [0x0000029fdc950000, 0x0000029fdf9d0000, 0x0000029fe3d60000]
CodeHeap 'non-nmethods': size=8064Kb used=3663Kb max_used=3786Kb free=4400Kb
 bounds [0x0000029fe3d60000, 0x0000029fe4120000, 0x0000029fe4540000]
 total_blobs=19118 nmethods=18380 adapters=641
 compilation: enabled
              stopped_count=0, restarted_count=0
 full_count=0

Compilation events (20 events):
Event: 23.452 Thread 0x0000029fc91af880 25033       2       androidx.compose.compiler.plugins.kotlin.lower.decoys.DecoyFqNames::getKey (4 bytes)
Event: 23.453 Thread 0x0000029fc91af360 25034       3       androidx.compose.compiler.plugins.kotlin.lower.AbstractComposeLowering::isStatic (361 bytes)
Event: 23.453 Thread 0x0000029f837de970 nmethod 25031 0x0000029fdf6c9110 code [0x0000029fdf6c92a0, 0x0000029fdf6c9458]
Event: 23.453 Thread 0x0000029fc91af880 nmethod 25033 0x0000029fdf6c8d90 code [0x0000029fdf6c8f20, 0x0000029fdf6c9038]
Event: 23.453 Thread 0x0000029f83705320 nmethod 25032 0x0000029fdf6c8a10 code [0x0000029fdf6c8ba0, 0x0000029fdf6c8cb8]
Event: 23.453 Thread 0x0000029f83705320 25035       2       androidx.compose.compiler.plugins.kotlin.lower.AbstractComposeLowering::makeStabilityField (112 bytes)
Event: 23.453 Thread 0x0000029fc90697b0 25036       2       androidx.compose.compiler.plugins.kotlin.KtxNameConventions::getSTABILITY_FLAG (4 bytes)
Event: 23.453 Thread 0x0000029fc91af880 25037       2       androidx.compose.compiler.plugins.kotlin.lower.ComposableFunctionBodyTransformer::encounteredComposableCall (86 bytes)
Event: 23.454 Thread 0x0000029fc90697b0 nmethod 25036 0x0000029fdf665f10 code [0x0000029fdf6660a0, 0x0000029fdf6661b8]
Event: 23.454 Thread 0x000002a000acfac0 24149       4       org.jetbrains.kotlin.ir.util.IrTypeUtilsKt::isFunction (37 bytes)
Event: 23.454 Thread 0x0000029fc91af880 nmethod 25037 0x0000029fdf665610 code [0x0000029fdf665800, 0x0000029fdf665c48]
Event: 23.455 Thread 0x0000029f83705320 nmethod 25035 0x0000029fdeea0290 code [0x0000029fdeea04e0, 0x0000029fdeea0d18]
Event: 23.455 Thread 0x0000029fc91af360 nmethod 25034 0x0000029fde612910 code [0x0000029fde612d20, 0x0000029fde615848]
Event: 23.456 Thread 0x000002a000acfac0 nmethod 24149 0x0000029fe50c2310 code [0x0000029fe50c24a0, 0x0000029fe50c2588]
Event: 23.456 Thread 0x0000029f83705320 25038       2       androidx.compose.compiler.plugins.kotlin.lower.ComposableFunctionBodyTransformer::irCurrentComposer$default (38 bytes)
Event: 23.457 Thread 0x000002a000acfac0 24294       4       org.jetbrains.kotlin.ir.expressions.impl.IrCompositeImpl::<init> (38 bytes)
Event: 23.457 Thread 0x0000029fc91af880 25039       2       androidx.compose.compiler.plugins.kotlin.lower.ComposableFunctionBodyTransformer::irCurrentComposer$default (26 bytes)
Event: 23.457 Thread 0x0000029fc91af360 25040       2       androidx.compose.compiler.plugins.kotlin.lower.ComposableFunctionBodyTransformer::visitBlock (492 bytes)
Event: 23.457 Thread 0x0000029f83705320 nmethod 25038 0x0000029fdee9fc10 code [0x0000029fdee9fde0, 0x0000029fdeea0048]
Event: 23.457 Thread 0x0000029fc91af880 nmethod 25039 0x0000029fde612590 code [0x0000029fde612720, 0x0000029fde612848]

GC Heap History (20 events):
Event: 19.210 GC heap before
{Heap before GC invocations=50 (full 0):
 garbage-first heap   total 368640K, used 311264K [0x0000000604000000, 0x0000000800000000)
  region size 4096K, 22 young (90112K), 3 survivors (12288K)
 Metaspace       used 60026K, committed 60352K, reserved 1114112K
  class space    used 6486K, committed 6656K, reserved 1048576K
}
Event: 19.214 GC heap after
{Heap after GC invocations=51 (full 0):
 garbage-first heap   total 442368K, used 237490K [0x0000000604000000, 0x0000000800000000)
  region size 4096K, 3 young (12288K), 3 survivors (12288K)
 Metaspace       used 60026K, committed 60352K, reserved 1114112K
  class space    used 6486K, committed 6656K, reserved 1048576K
}
Event: 19.489 GC heap before
{Heap before GC invocations=51 (full 0):
 garbage-first heap   total 442368K, used 368562K [0x0000000604000000, 0x0000000800000000)
  region size 4096K, 35 young (143360K), 3 survivors (12288K)
 Metaspace       used 60124K, committed 60480K, reserved 1114112K
  class space    used 6488K, committed 6656K, reserved 1048576K
}
Event: 19.492 GC heap after
{Heap after GC invocations=52 (full 0):
 garbage-first heap   total 442368K, used 239653K [0x0000000604000000, 0x0000000800000000)
  region size 4096K, 3 young (12288K), 3 survivors (12288K)
 Metaspace       used 60124K, committed 60480K, reserved 1114112K
  class space    used 6488K, committed 6656K, reserved 1048576K
}
Event: 19.718 GC heap before
{Heap before GC invocations=52 (full 0):
 garbage-first heap   total 442368K, used 374821K [0x0000000604000000, 0x0000000800000000)
  region size 4096K, 36 young (147456K), 3 survivors (12288K)
 Metaspace       used 60157K, committed 60480K, reserved 1114112K
  class space    used 6488K, committed 6656K, reserved 1048576K
}
Event: 19.721 GC heap after
{Heap after GC invocations=53 (full 0):
 garbage-first heap   total 442368K, used 242138K [0x0000000604000000, 0x0000000800000000)
  region size 4096K, 3 young (12288K), 3 survivors (12288K)
 Metaspace       used 60157K, committed 60480K, reserved 1114112K
  class space    used 6488K, committed 6656K, reserved 1048576K
}
Event: 20.822 GC heap before
{Heap before GC invocations=53 (full 0):
 garbage-first heap   total 442368K, used 377306K [0x0000000604000000, 0x0000000800000000)
  region size 4096K, 36 young (147456K), 3 survivors (12288K)
 Metaspace       used 67398K, committed 67776K, reserved 1114112K
  class space    used 7129K, committed 7296K, reserved 1048576K
}
Event: 20.827 GC heap after
{Heap after GC invocations=54 (full 0):
 garbage-first heap   total 442368K, used 253752K [0x0000000604000000, 0x0000000800000000)
  region size 4096K, 5 young (20480K), 5 survivors (20480K)
 Metaspace       used 67398K, committed 67776K, reserved 1114112K
  class space    used 7129K, committed 7296K, reserved 1048576K
}
Event: 21.791 GC heap before
{Heap before GC invocations=54 (full 0):
 garbage-first heap   total 442368K, used 368440K [0x0000000604000000, 0x0000000800000000)
  region size 4096K, 33 young (135168K), 5 survivors (20480K)
 Metaspace       used 69037K, committed 69376K, reserved 1114112K
  class space    used 7281K, committed 7424K, reserved 1048576K
}
Event: 21.800 GC heap after
{Heap after GC invocations=55 (full 0):
 garbage-first heap   total 442368K, used 267594K [0x0000000604000000, 0x0000000800000000)
  region size 4096K, 4 young (16384K), 4 survivors (16384K)
 Metaspace       used 69037K, committed 69376K, reserved 1114112K
  class space    used 7281K, committed 7424K, reserved 1048576K
}
Event: 22.474 GC heap before
{Heap before GC invocations=55 (full 0):
 garbage-first heap   total 442368K, used 365898K [0x0000000604000000, 0x0000000800000000)
  region size 4096K, 29 young (118784K), 4 survivors (16384K)
 Metaspace       used 70512K, committed 70912K, reserved 1114112K
  class space    used 7407K, committed 7616K, reserved 1048576K
}
Event: 22.480 GC heap after
{Heap after GC invocations=56 (full 0):
 garbage-first heap   total 442368K, used 280843K [0x0000000604000000, 0x0000000800000000)
  region size 4096K, 4 young (16384K), 4 survivors (16384K)
 Metaspace       used 70512K, committed 70912K, reserved 1114112K
  class space    used 7407K, committed 7616K, reserved 1048576K
}
Event: 22.842 GC heap before
{Heap before GC invocations=56 (full 0):
 garbage-first heap   total 442368K, used 362763K [0x0000000604000000, 0x0000000800000000)
  region size 4096K, 24 young (98304K), 4 survivors (16384K)
 Metaspace       used 70861K, committed 71232K, reserved 1114112K
  class space    used 7428K, committed 7616K, reserved 1048576K
}
Event: 22.851 GC heap after
{Heap after GC invocations=57 (full 0):
 garbage-first heap   total 442368K, used 317972K [0x0000000604000000, 0x0000000800000000)
  region size 4096K, 3 young (12288K), 3 survivors (12288K)
 Metaspace       used 70861K, committed 71232K, reserved 1114112K
  class space    used 7428K, committed 7616K, reserved 1048576K
}
Event: 23.046 GC heap before
{Heap before GC invocations=57 (full 0):
 garbage-first heap   total 442368K, used 358932K [0x0000000604000000, 0x0000000800000000)
  region size 4096K, 13 young (53248K), 3 survivors (12288K)
 Metaspace       used 71177K, committed 71488K, reserved 1114112K
  class space    used 7448K, committed 7616K, reserved 1048576K
}
Event: 23.055 GC heap after
{Heap after GC invocations=58 (full 0):
 garbage-first heap   total 442368K, used 338681K [0x0000000604000000, 0x0000000800000000)
  region size 4096K, 2 young (8192K), 2 survivors (8192K)
 Metaspace       used 71177K, committed 71488K, reserved 1114112K
  class space    used 7448K, committed 7616K, reserved 1048576K
}
Event: 23.141 GC heap before
{Heap before GC invocations=58 (full 0):
 garbage-first heap   total 442368K, used 363257K [0x0000000604000000, 0x0000000800000000)
  region size 4096K, 8 young (32768K), 2 survivors (8192K)
 Metaspace       used 71304K, committed 71616K, reserved 1114112K
  class space    used 7452K, committed 7616K, reserved 1048576K
}
Event: 23.146 GC heap after
{Heap after GC invocations=59 (full 0):
 garbage-first heap   total 442368K, used 345438K [0x0000000604000000, 0x0000000800000000)
  region size 4096K, 1 young (4096K), 1 survivors (4096K)
 Metaspace       used 71304K, committed 71616K, reserved 1114112K
  class space    used 7452K, committed 7616K, reserved 1048576K
}
Event: 23.215 GC heap before
{Heap before GC invocations=59 (full 0):
 garbage-first heap   total 442368K, used 370014K [0x0000000604000000, 0x0000000800000000)
  region size 4096K, 7 young (28672K), 1 survivors (4096K)
 Metaspace       used 71318K, committed 71680K, reserved 1114112K
  class space    used 7452K, committed 7616K, reserved 1048576K
}
Event: 23.218 GC heap after
{Heap after GC invocations=60 (full 0):
 garbage-first heap   total 581632K, used 348820K [0x0000000604000000, 0x0000000800000000)
  region size 4096K, 1 young (4096K), 1 survivors (4096K)
 Metaspace       used 71318K, committed 71680K, reserved 1114112K
  class space    used 7452K, committed 7616K, reserved 1048576K
}

Deoptimization events (20 events):
Event: 23.370 Thread 0x0000029fd5088bb0 DEOPT PACKING pc=0x0000029fdcb467d3 sp=0x000000f2016fc1f0
Event: 23.370 Thread 0x0000029fd5088bb0 DEOPT UNPACKING pc=0x0000029fe3db2b43 sp=0x000000f2016fb710 mode 0
Event: 23.391 Thread 0x0000029fd5088bb0 DEOPT PACKING pc=0x0000029fdcb467d3 sp=0x000000f2016fe040
Event: 23.391 Thread 0x0000029fd5088bb0 DEOPT UNPACKING pc=0x0000029fe3db2b43 sp=0x000000f2016fd560 mode 0
Event: 23.393 Thread 0x0000029fd5088bb0 Uncommon trap: trap_request=0xffffffde fr.pc=0x0000029fe45dc6e0 relative=0x00000000000000c0
Event: 23.393 Thread 0x0000029fd5088bb0 Uncommon trap: reason=class_check action=maybe_recompile pc=0x0000029fe45dc6e0 method=kotlin.collections.CollectionsKt__ReversedViewsKt.reversePositionIndex$CollectionsKt__ReversedViewsKt(Ljava/util/List;I)I @ 6 c2
Event: 23.393 Thread 0x0000029fd5088bb0 DEOPT PACKING pc=0x0000029fe45dc6e0 sp=0x000000f2016fdab0
Event: 23.393 Thread 0x0000029fd5088bb0 DEOPT UNPACKING pc=0x0000029fe3db23a3 sp=0x000000f2016fda28 mode 2
Event: 23.393 Thread 0x0000029fd5088bb0 Uncommon trap: trap_request=0xffffffde fr.pc=0x0000029fe49e7630 relative=0x0000000000000090
Event: 23.393 Thread 0x0000029fd5088bb0 Uncommon trap: reason=class_check action=maybe_recompile pc=0x0000029fe49e7630 method=kotlin.collections.ReversedListReadOnly.getSize()I @ 4 c2
Event: 23.393 Thread 0x0000029fd5088bb0 DEOPT PACKING pc=0x0000029fe49e7630 sp=0x000000f2016fd9d0
Event: 23.393 Thread 0x0000029fd5088bb0 DEOPT UNPACKING pc=0x0000029fe3db23a3 sp=0x000000f2016fd960 mode 2
Event: 23.401 Thread 0x0000029fd5088bb0 DEOPT PACKING pc=0x0000029fdf4ce69b sp=0x000000f2016f9d10
Event: 23.401 Thread 0x0000029fd5088bb0 DEOPT UNPACKING pc=0x0000029fe3db2b43 sp=0x000000f2016f91a0 mode 0
Event: 23.409 Thread 0x0000029fd5088bb0 DEOPT PACKING pc=0x0000029fdf4ce69b sp=0x000000f2016fc050
Event: 23.409 Thread 0x0000029fd5088bb0 DEOPT UNPACKING pc=0x0000029fe3db2b43 sp=0x000000f2016fb4e0 mode 0
Event: 23.411 Thread 0x0000029fd5088bb0 Uncommon trap: trap_request=0xffffffde fr.pc=0x0000029fe45dc6e0 relative=0x00000000000000c0
Event: 23.411 Thread 0x0000029fd5088bb0 Uncommon trap: reason=class_check action=maybe_recompile pc=0x0000029fe45dc6e0 method=kotlin.collections.CollectionsKt__ReversedViewsKt.reversePositionIndex$CollectionsKt__ReversedViewsKt(Ljava/util/List;I)I @ 6 c2
Event: 23.411 Thread 0x0000029fd5088bb0 DEOPT PACKING pc=0x0000029fe45dc6e0 sp=0x000000f2016fdab0
Event: 23.411 Thread 0x0000029fd5088bb0 DEOPT UNPACKING pc=0x0000029fe3db23a3 sp=0x000000f2016fda28 mode 2

Classes unloaded (0 events):
No events

Classes redefined (0 events):
No events

Internal exceptions (20 events):
Event: 9.214 Thread 0x0000029fd5088bb0 Implicit null exception at 0x0000029fe4ceb8db to 0x0000029fe4cec5e4
Event: 10.925 Thread 0x0000029fd5088bb0 Implicit null exception at 0x0000029fe4cef820 to 0x0000029fe4cef89e
Event: 16.292 Thread 0x0000029fd5088bb0 Implicit null exception at 0x0000029fe4d1554c to 0x0000029fe4d15628
Event: 17.218 Thread 0x0000029fd5088bb0 Implicit null exception at 0x0000029fe53b6f51 to 0x0000029fe53bb4dc
Event: 18.248 Thread 0x0000029fd5088bb0 Implicit null exception at 0x0000029fe544d193 to 0x0000029fe54573d4
Event: 19.136 Thread 0x0000029fd5088bb0 Implicit null exception at 0x0000029fe4bdbab7 to 0x0000029fe4bdc440
Event: 19.203 Thread 0x0000029fd5088bb0 Implicit null exception at 0x0000029fe572822d to 0x0000029fe5728af8
Event: 20.066 Thread 0x0000029fd5088bb0 Implicit null exception at 0x0000029fe4f74e33 to 0x0000029fe4f74f9c
Event: 20.148 Thread 0x0000029fd5088bb0 Exception <a 'java/lang/NoSuchMethodError'{0x000000061bd7a2c8}: 'java.lang.Object java.lang.invoke.DirectMethodHandle$Holder.invokeStaticInit(java.lang.Object, java.lang.Object, java.lang.Object, java.lang.Object)'> (0x000000061bd7a2c8) 
thrown [s\open\src\hotspot\share\interpreter\linkResolver.cpp, line 759]
Event: 20.341 Thread 0x0000029fd5088bb0 Exception <a 'java/lang/NoSuchMethodError'{0x000000061aed47e8}: 'java.lang.Object java.lang.invoke.DirectMethodHandle$Holder.newInvokeSpecial(java.lang.Object, java.lang.Object, java.lang.Object, int, int)'> (0x000000061aed47e8) 
thrown [s\open\src\hotspot\share\interpreter\linkResolver.cpp, line 759]
Event: 20.341 Thread 0x0000029fd5088bb0 Exception <a 'java/lang/NoSuchMethodError'{0x000000061aed8628}: 'java.lang.Object java.lang.invoke.DirectMethodHandle$Holder.invokeSpecial(java.lang.Object, java.lang.Object, java.lang.Object, java.lang.Object, int, int)'> (0x000000061aed8628) 
thrown [s\open\src\hotspot\share\interpreter\linkResolver.cpp, line 759]
Event: 20.348 Thread 0x0000029fd5088bb0 Exception <a 'java/lang/NoSuchMethodError'{0x000000061afb6d70}: 'java.lang.Object java.lang.invoke.Invokers$Holder.linkToTargetMethod(java.lang.Object, java.lang.Object, int, int, java.lang.Object, java.lang.Object, java.lang.Object, java.lang.Object, java.lang.Object)'> (0x000000061afb6d70) 
thrown [s\open\src\hotspot\share\interpreter\linkResolver.cpp, line 759]
Event: 20.402 Thread 0x0000029fd5088bb0 Implicit null exception at 0x0000029fe4630913 to 0x0000029fe4630d18
Event: 20.525 Thread 0x0000029fd5088bb0 Exception <a 'java/lang/NoSuchMethodError'{0x0000000619e832b0}: 'java.lang.Object java.lang.invoke.DirectMethodHandle$Holder.invokeStatic(java.lang.Object, java.lang.Object, java.lang.Object, int, int, java.lang.Object, java.lang.Object, java.lang.Object, java.lang.Object)'> (0x0000000619e832b0) 
thrown [s\open\src\hotspot\share\interpreter\linkResolver.cpp, line 759]
Event: 20.525 Thread 0x0000029fd5088bb0 Exception <a 'java/lang/NoSuchMethodError'{0x0000000619e8d578}: 'java.lang.Object java.lang.invoke.DirectMethodHandle$Holder.newInvokeSpecial(java.lang.Object, java.lang.Object, java.lang.Object, int, int, java.lang.Object)'> (0x0000000619e8d578) 
thrown [s\open\src\hotspot\share\interpreter\linkResolver.cpp, line 759]
Event: 20.526 Thread 0x0000029fd5088bb0 Exception <a 'java/lang/NoSuchMethodError'{0x0000000619e94f18}: 'java.lang.Object java.lang.invoke.Invokers$Holder.linkToTargetMethod(java.lang.Object, java.lang.Object, int, int, java.lang.Object, java.lang.Object)'> (0x0000000619e94f18) 
thrown [s\open\src\hotspot\share\interpreter\linkResolver.cpp, line 759]
Event: 20.829 Thread 0x0000029fd5088bb0 Exception <a 'java/lang/NoSuchMethodError'{0x000000062380d998}: 'java.lang.Object java.lang.invoke.DirectMethodHandle$Holder.newInvokeSpecial(java.lang.Object, java.lang.Object, int, int, java.lang.Object, java.lang.Object, java.lang.Object)'> (0x000000062380d998) 
thrown [s\open\src\hotspot\share\interpreter\linkResolver.cpp, line 759]
Event: 20.830 Thread 0x0000029fd5088bb0 Exception <a 'java/lang/NoSuchMethodError'{0x0000000623812580}: 'java.lang.Object java.lang.invoke.DirectMethodHandle$Holder.invokeSpecial(java.lang.Object, java.lang.Object, java.lang.Object, int, int, java.lang.Object, java.lang.Object, java.lang.Object)'> (0x0000000623812580) 
thrown [s\open\src\hotspot\share\interpreter\linkResolver.cpp, line 759]
Event: 21.415 Thread 0x0000029fd5088bb0 Implicit null exception at 0x0000029fe57739a4 to 0x0000029fe5774390
Event: 22.358 Thread 0x0000029fd5088bb0 Implicit null exception at 0x0000029fe4cb3839 to 0x0000029fe4cb3c3c

VM Operations (20 events):
Event: 23.001 Executing VM operation: ICBufferFull
Event: 23.001 Executing VM operation: ICBufferFull done
Event: 23.038 Executing VM operation: ICBufferFull
Event: 23.038 Executing VM operation: ICBufferFull done
Event: 23.046 Executing VM operation: G1CollectForAllocation
Event: 23.055 Executing VM operation: G1CollectForAllocation done
Event: 23.115 Executing VM operation: ICBufferFull
Event: 23.115 Executing VM operation: ICBufferFull done
Event: 23.141 Executing VM operation: G1CollectForAllocation
Event: 23.146 Executing VM operation: G1CollectForAllocation done
Event: 23.169 Executing VM operation: HandshakeAllThreads
Event: 23.169 Executing VM operation: HandshakeAllThreads done
Event: 23.215 Executing VM operation: G1CollectForAllocation
Event: 23.218 Executing VM operation: G1CollectForAllocation done
Event: 23.255 Executing VM operation: HandshakeAllThreads
Event: 23.255 Executing VM operation: HandshakeAllThreads done
Event: 23.386 Executing VM operation: ICBufferFull
Event: 23.386 Executing VM operation: ICBufferFull done
Event: 23.420 Executing VM operation: HandshakeAllThreads
Event: 23.425 Executing VM operation: HandshakeAllThreads done

Events (20 events):
Event: 23.444 Thread 0x0000029f83708260 flushing nmethod 0x0000029fe5472390
Event: 23.444 Thread 0x0000029f83708260 flushing nmethod 0x0000029fe5476610
Event: 23.446 Thread 0x0000029f83708260 flushing nmethod 0x0000029fe5515610
Event: 23.448 Thread 0x0000029f83708260 flushing nmethod 0x0000029fe563ab90
Event: 23.448 Thread 0x0000029f83708260 flushing nmethod 0x0000029fe5656190
Event: 23.450 Thread 0x0000029f83708260 flushing nmethod 0x0000029fe57efd90
Event: 23.451 Thread 0x0000029f83708260 flushing nmethod 0x0000029fe587c590
Event: 23.451 Thread 0x0000029f83708260 flushing nmethod 0x0000029fe58a6210
Event: 23.452 Thread 0x0000029f83708260 flushing nmethod 0x0000029fe591dc90
Event: 23.453 Thread 0x0000029f83708260 flushing nmethod 0x0000029fe5975110
Event: 23.453 Thread 0x0000029f83708260 flushing nmethod 0x0000029fe5989b90
Event: 23.453 Thread 0x0000029f83708260 flushing nmethod 0x0000029fe5998510
Event: 23.453 Thread 0x0000029f83708260 flushing nmethod 0x0000029fe59a1410
Event: 23.453 Thread 0x0000029f83708260 flushing nmethod 0x0000029fe59a5910
Event: 23.453 Thread 0x0000029f83708260 flushing nmethod 0x0000029fe59b8e90
Event: 23.453 Thread 0x0000029f83708260 flushing nmethod 0x0000029fe59ba990
Event: 23.453 Thread 0x0000029f83708260 flushing nmethod 0x0000029fe59ce510
Event: 23.453 Thread 0x0000029f83708260 flushing nmethod 0x0000029fe59de110
Event: 23.453 Thread 0x0000029f83708260 flushing nmethod 0x0000029fe59e2d90
Event: 23.453 Thread 0x0000029f83708260 flushing nmethod 0x0000029fe59f0a10


Dynamic libraries:
0x00007ff6dfa40000 - 0x00007ff6dfa50000 	C:\Program Files\Java\jdk-17\bin\java.exe
0x00007ffcd1710000 - 0x00007ffcd1908000 	C:\Windows\SYSTEM32\ntdll.dll
0x00007ffcd0340000 - 0x00007ffcd0402000 	C:\Windows\System32\KERNEL32.DLL
0x00007ffccedd0000 - 0x00007ffccf0c6000 	C:\Windows\System32\KERNELBASE.dll
0x00007ffccf230000 - 0x00007ffccf330000 	C:\Windows\System32\ucrtbase.dll
0x00007ffcc6f10000 - 0x00007ffcc6f29000 	C:\Program Files\Java\jdk-17\bin\jli.dll
0x00007ffcc6ce0000 - 0x00007ffcc6cfb000 	C:\Program Files\Java\jdk-17\bin\VCRUNTIME140.dll
0x00007ffcd04b0000 - 0x00007ffcd0561000 	C:\Windows\System32\ADVAPI32.dll
0x00007ffcd0410000 - 0x00007ffcd04ae000 	C:\Windows\System32\msvcrt.dll
0x00007ffcd09f0000 - 0x00007ffcd0a8f000 	C:\Windows\System32\sechost.dll
0x00007ffcd0af0000 - 0x00007ffcd0c10000 	C:\Windows\System32\RPCRT4.dll
0x00007ffcceda0000 - 0x00007ffccedc7000 	C:\Windows\System32\bcrypt.dll
0x00007ffccfd20000 - 0x00007ffccfec1000 	C:\Windows\System32\USER32.dll
0x00007ffccf4f0000 - 0x00007ffccf512000 	C:\Windows\System32\win32u.dll
0x00007ffcbda50000 - 0x00007ffcbdceb000 	C:\Windows\WinSxS\amd64_microsoft.windows.common-controls_6595b64144ccf1df_6.0.19041.6456_none_60b8a6cb71f64256\COMCTL32.dll
0x00007ffcd0de0000 - 0x00007ffcd0e0b000 	C:\Windows\System32\GDI32.dll
0x00007ffccf3d0000 - 0x00007ffccf4e9000 	C:\Windows\System32\gdi32full.dll
0x00007ffccf330000 - 0x00007ffccf3cd000 	C:\Windows\System32\msvcp_win.dll
0x00007ffcc8570000 - 0x00007ffcc857a000 	C:\Windows\SYSTEM32\VERSION.dll
0x00007ffccf7e0000 - 0x00007ffccf80f000 	C:\Windows\System32\IMM32.DLL
0x00007ffcc6cd0000 - 0x00007ffcc6cdc000 	C:\Program Files\Java\jdk-17\bin\vcruntime140_1.dll
0x00007ffcc5670000 - 0x00007ffcc56fe000 	C:\Program Files\Java\jdk-17\bin\msvcp140.dll
0x00007ffc68dd0000 - 0x00007ffc699b0000 	C:\Program Files\Java\jdk-17\bin\server\jvm.dll
0x00007ffccf9b0000 - 0x00007ffccf9b8000 	C:\Windows\System32\PSAPI.DLL
0x00007ffcbb080000 - 0x00007ffcbb089000 	C:\Windows\SYSTEM32\WSOCK32.dll
0x00007ffcd0980000 - 0x00007ffcd09eb000 	C:\Windows\System32\WS2_32.dll
0x00007ffcc5e00000 - 0x00007ffcc5e27000 	C:\Windows\SYSTEM32\WINMM.dll
0x00007ffccd590000 - 0x00007ffccd5a2000 	C:\Windows\SYSTEM32\kernel.appcore.dll
0x00007ffcc6cc0000 - 0x00007ffcc6cca000 	C:\Program Files\Java\jdk-17\bin\jimage.dll
0x00007ffcccba0000 - 0x00007ffcccda1000 	C:\Windows\SYSTEM32\DBGHELP.DLL
0x00007ffcbcc70000 - 0x00007ffcbcca4000 	C:\Windows\SYSTEM32\dbgcore.DLL
0x00007ffccf150000 - 0x00007ffccf1d2000 	C:\Windows\System32\bcryptPrimitives.dll
0x00007ffcc5640000 - 0x00007ffcc5665000 	C:\Program Files\Java\jdk-17\bin\java.dll
0x00007ffcc3a20000 - 0x00007ffcc3af7000 	C:\Program Files\Java\jdk-17\bin\jsvml.dll
0x00007ffcd0e10000 - 0x00007ffcd1580000 	C:\Windows\System32\SHELL32.dll
0x00007ffcccdd0000 - 0x00007ffccd575000 	C:\Windows\SYSTEM32\windows.storage.dll
0x00007ffccf9c0000 - 0x00007ffccfd14000 	C:\Windows\System32\combase.dll
0x00007ffcce6f0000 - 0x00007ffcce71b000 	C:\Windows\SYSTEM32\Wldp.dll
0x00007ffcd1600000 - 0x00007ffcd16cd000 	C:\Windows\System32\OLEAUT32.dll
0x00007ffccf730000 - 0x00007ffccf7dd000 	C:\Windows\System32\SHCORE.dll
0x00007ffcd0d80000 - 0x00007ffcd0ddb000 	C:\Windows\System32\shlwapi.dll
0x00007ffccecd0000 - 0x00007ffccecf4000 	C:\Windows\SYSTEM32\profapi.dll
0x00007ffcc39e0000 - 0x00007ffcc39f9000 	C:\Program Files\Java\jdk-17\bin\net.dll
0x00007ffcc97d0000 - 0x00007ffcc98da000 	C:\Windows\SYSTEM32\WINHTTP.dll
0x00007ffcce4d0000 - 0x00007ffcce53a000 	C:\Windows\system32\mswsock.dll
0x00007ffcc39c0000 - 0x00007ffcc39d6000 	C:\Program Files\Java\jdk-17\bin\nio.dll
0x00007ffcc3a00000 - 0x00007ffcc3a18000 	C:\Program Files\Java\jdk-17\bin\zip.dll
0x00007ffcc6c10000 - 0x00007ffcc6c20000 	C:\Program Files\Java\jdk-17\bin\verify.dll

dbghelp: loaded successfully - version: 4.0.5 - missing functions: none
symbol engine: initialized successfully - sym options: 0x614 - pdb path: .;C:\Program Files\Java\jdk-17\bin;C:\Windows\SYSTEM32;C:\Windows\WinSxS\amd64_microsoft.windows.common-controls_6595b64144ccf1df_6.0.19041.6456_none_60b8a6cb71f64256;C:\Program Files\Java\jdk-17\bin\server

VM Arguments:
java_command: org.jetbrains.kotlin.cli.jvm.K2JVMCompiler @E:\ProjectManagerApp\construction-android\app\build\20251226_8209631749716582662.compiler.options
java_class_path (initial): C:\Users\Skrufy\.gradle\caches\modules-2\files-2.1\org.jetbrains.kotlin\kotlin-compiler-embeddable\1.9.22\9cd4dc7773cf2a99ecd961a88fbbc9a2da3fb5e1\kotlin-compiler-embeddable-1.9.22.jar;C:\Users\Skrufy\.gradle\caches\modules-2\files-2.1\org.jetbrains.kotlin\kotlin-stdlib\1.9.22\d6c44cd08d8f3f9bece8101216dbe6553365c6e3\kotlin-stdlib-1.9.22.jar;C:\Users\Skrufy\.gradle\caches\modules-2\files-2.1\org.jetbrains.kotlin\kotlin-script-runtime\1.9.22\f8139a46fc677ec9badc49ae954392f4f5e7e7c7\kotlin-script-runtime-1.9.22.jar;C:\Users\Skrufy\.gradle\caches\modules-2\files-2.1\org.jetbrains.kotlin\kotlin-reflect\1.6.10\1cbe9c92c12a94eea200d23c2bbaedaf3daf5132\kotlin-reflect-1.6.10.jar;C:\Users\Skrufy\.gradle\caches\modules-2\files-2.1\org.jetbrains.kotlin\kotlin-daemon-embeddable\1.9.22\20e2c5df715f3240c765cfc222530e2796542021\kotlin-daemon-embeddable-1.9.22.jar;C:\Users\Skrufy\.gradle\caches\modules-2\files-2.1\org.jetbrains.intellij.deps\trove4j\1.0.20200330\3afb14d5f9ceb459d724e907a21145e8ff394f02\trove4j-1.0.20200330.jar;C:\Users\Skrufy\.gradle\caches\modules-2\files-2.1\org.jetbrains\annotations\13.0\919f0dfe192fb4e063e7dacadee7f8bb9a2672a9\annotations-13.0.jar
Launcher Type: SUN_STANDARD

[Global flags]
     intx CICompilerCount                          = 15                                        {product} {ergonomic}
     uint ConcGCThreads                            = 6                                         {product} {ergonomic}
     uint G1ConcRefinementThreads                  = 23                                        {product} {ergonomic}
   size_t G1HeapRegionSize                         = 4194304                                   {product} {ergonomic}
    uintx GCDrainStackTargetSize                   = 64                                        {product} {ergonomic}
   size_t InitialHeapSize                          = 532676608                                 {product} {ergonomic}
   size_t MarkStackSize                            = 4194304                                   {product} {ergonomic}
   size_t MaxHeapSize                              = 8522825728                                {product} {ergonomic}
   size_t MaxNewSize                               = 5112856576                                {product} {ergonomic}
   size_t MinHeapDeltaBytes                        = 4194304                                   {product} {ergonomic}
   size_t MinHeapSize                              = 8388608                                   {product} {ergonomic}
    uintx NonNMethodCodeHeapSize                   = 8192380                                {pd product} {ergonomic}
    uintx NonProfiledCodeHeapSize                  = 121732930                              {pd product} {ergonomic}
    uintx ProfiledCodeHeapSize                     = 121732930                              {pd product} {ergonomic}
    uintx ReservedCodeCacheSize                    = 251658240                              {pd product} {ergonomic}
     bool SegmentedCodeCache                       = true                                      {product} {ergonomic}
   size_t SoftMaxHeapSize                          = 8522825728                             {manageable} {ergonomic}
     bool UseCompressedClassPointers               = true                           {product lp64_product} {ergonomic}
     bool UseCompressedOops                        = true                           {product lp64_product} {ergonomic}
     bool UseG1GC                                  = true                                      {product} {ergonomic}
     bool UseLargePagesIndividualAllocation        = false                                  {pd product} {ergonomic}

Logging:
Log output configuration:
 #0: stdout all=warning uptime,level,tags
 #1: stderr all=off uptime,level,tags

Environment Variables:
JAVA_HOME=C:\Program Files\Eclipse Adoptium\jdk-8.0.472.8-hotspot\
PATH=C:\Python314\Scripts\;C:\Python314\;C:\Program Files\Eclipse Adoptium\jdk-8.0.472.8-hotspot\bin;c:\Users\Skrufy\AppData\Local\Programs\cursor\resources\app\bin;C:\Program Files\BraveSoftware\Brave-Browser\Application;C:\Program Files\Common Files\Oracle\Java\javapath;C:\Windows\system32;C:\Windows;C:\Windows\System32\Wbem;C:\Windows\System32\WindowsPowerShell\v1.0\;C:\Windows\System32\OpenSSH\;C:\Program Files\dotnet\;C:\ProgramData\chocolatey\bin;C:\Program Files (x86)\NVIDIA Corporation\PhysX\Common;C:\Program Files\PuTTY\;C:\Program Files\wooting-analog-sdk\;C:\Program Files\PowerShell\7\;C:\Users\Skrufy\AppData\Local\Programs\Python\Python312\Scripts\;C:\Users\Skrufy\AppData\Local\Programs\Python\Python312\;C:\Users\Skrufy\AppData\Local\Programs\Python\Launcher\;C:\Users\Skrufy\AppData\Local\Microsoft\WindowsApps;c:\Users\Skrufy\AppData\Local\Programs\cursor\resources\app\bin;C:\Program Files\Mullvad VPN\resources;C:\Program Files\Git\cmd;C:\Program Files\nodejs\;C:\Program Files\Rust stable MSVC 1.91\bin;C:\Users\Skrufy\AppData\Local\Programs\Python\Launcher\;C:\Users\Skrufy\AppData\Local\Programs\Python\Python312\Scripts\;C:\Users\Skrufy\AppData\Local\Programs\Python\Python312\;C:\Users\Skrufy\AppData\Local\Microsoft\WindowsApps;C:\Users\Skrufy\AppData\Local\Programs\cursor\resources\app\bin;C:\Users\Skrufy\AppData\Local\Microsoft\WinGet\Links;C:\Users\Skrufy\AppData\Local\Microsoft\WinGet\Packages\yt-dlp.FFmpeg_Microsoft.Winget.Source_8wekyb3d8bbwe\ffmpeg-N-120424-g03b9180fe3-win64-gpl/bin;C:\Users\Skrufy\AppData\Local\Microsoft\WinGet\Packages\yt-dlp.yt-dlp_Microsoft.Winget.Source_8wekyb3d8bbwe;C:\Users\Skrufy\AppData\Local\PowerToys\;C:\Users\Skrufy\AppData\Local\Programs\Microsoft VS Code\bin;C:\Users\Skrufy\AppData\Roaming\npm;C:\Users\Skrufy\.local\bin;C:\Users\Skrufy\AppData\Local\Programs\Antigravity\bin
USERNAME=Skrufy
OS=Windows_NT
PROCESSOR_IDENTIFIER=Intel64 Family 6 Model 183 Stepping 1, GenuineIntel



---------------  S Y S T E M  ---------------

OS:
 Windows 10 , 64 bit Build 19041 (10.0.19041.5915)
OS uptime: 0 days 18:25 hours
Hyper-V role detected

CPU: total 32 (initial active 32) (16 cores per cpu, 2 threads per core) family 6 model 183 stepping 1 microcode 0x12b, cx8, cmov, fxsr, ht, mmx, 3dnowpref, sse, sse2, sse3, ssse3, sse4.1, sse4.2, popcnt, lzcnt, tsc, tscinvbit, avx, avx2, aes, erms, clmul, bmi1, bmi2, adx, sha, fma, vzeroupper, clflush, clflushopt, clwb, hv

Memory: 4k page, system-wide physical 32508M (4775M free)
TotalPageFile size 32508M (AvailPageFile size 0M)
current process WorkingSet (physical memory assigned to process): 843M, peak: 845M
current process commit charge ("private bytes"): 1035M, peak: 1045M

vm_info: Java HotSpot(TM) 64-Bit Server VM (17.0.12+8-LTS-286) for windows-amd64 JRE (17.0.12+8-LTS-286), built on Jun  5 2024 06:46:59 by "mach5one" with MS VC++ 17.6 (VS2022)

END.
